  main.cpp
C:\Users\37602\source\Arkanoid\Arkanoid v0.1\main.cpp(83,23): warning C4267: 'initializing': conversion from 'size_t' to 'int', possible loss of data
C:\Users\37602\source\Arkanoid\Arkanoid v0.1\main.cpp(91,37): warning C4244: 'argument': conversion from 'double' to '_Tp', possible loss of data
C:\Users\37602\source\Arkanoid\Arkanoid v0.1\main.cpp(91,37): warning C4244:         with
C:\Users\37602\source\Arkanoid\Arkanoid v0.1\main.cpp(91,37): warning C4244:         [
C:\Users\37602\source\Arkanoid\Arkanoid v0.1\main.cpp(91,37): warning C4244:             _Tp=int
C:\Users\37602\source\Arkanoid\Arkanoid v0.1\main.cpp(91,37): warning C4244:         ]
C:\Users\37602\source\Arkanoid\Arkanoid v0.1\main.cpp(90,52): warning C4244: 'argument': conversion from 'double' to '_Tp', possible loss of data
C:\Users\37602\source\Arkanoid\Arkanoid v0.1\main.cpp(90,52): warning C4244:         with
C:\Users\37602\source\Arkanoid\Arkanoid v0.1\main.cpp(90,52): warning C4244:         [
C:\Users\37602\source\Arkanoid\Arkanoid v0.1\main.cpp(90,52): warning C4244:             _Tp=int
C:\Users\37602\source\Arkanoid\Arkanoid v0.1\main.cpp(90,52): warning C4244:         ]
C:\Users\37602\source\Arkanoid\Arkanoid v0.1\main.cpp(102,44): warning C4244: 'argument': conversion from 'double' to '_Tp', possible loss of data
C:\Users\37602\source\Arkanoid\Arkanoid v0.1\main.cpp(102,44): warning C4244:         with
C:\Users\37602\source\Arkanoid\Arkanoid v0.1\main.cpp(102,44): warning C4244:         [
C:\Users\37602\source\Arkanoid\Arkanoid v0.1\main.cpp(102,44): warning C4244:             _Tp=float
C:\Users\37602\source\Arkanoid\Arkanoid v0.1\main.cpp(102,44): warning C4244:         ]
C:\Users\37602\source\Arkanoid\Arkanoid v0.1\main.cpp(101,65): warning C4244: 'argument': conversion from 'double' to '_Tp', possible loss of data
C:\Users\37602\source\Arkanoid\Arkanoid v0.1\main.cpp(101,65): warning C4244:         with
C:\Users\37602\source\Arkanoid\Arkanoid v0.1\main.cpp(101,65): warning C4244:         [
C:\Users\37602\source\Arkanoid\Arkanoid v0.1\main.cpp(101,65): warning C4244:             _Tp=float
C:\Users\37602\source\Arkanoid\Arkanoid v0.1\main.cpp(101,65): warning C4244:         ]
C:\Users\37602\source\Arkanoid\Arkanoid v0.1\main.cpp(127,34): warning C4244: 'argument': conversion from 'double' to '_Tp', possible loss of data
C:\Users\37602\source\Arkanoid\Arkanoid v0.1\main.cpp(127,34): warning C4244:         with
C:\Users\37602\source\Arkanoid\Arkanoid v0.1\main.cpp(127,34): warning C4244:         [
C:\Users\37602\source\Arkanoid\Arkanoid v0.1\main.cpp(127,34): warning C4244:             _Tp=int
C:\Users\37602\source\Arkanoid\Arkanoid v0.1\main.cpp(127,34): warning C4244:         ]
C:\Users\37602\source\Arkanoid\Arkanoid v0.1\main.cpp(126,50): warning C4244: 'argument': conversion from 'double' to '_Tp', possible loss of data
C:\Users\37602\source\Arkanoid\Arkanoid v0.1\main.cpp(126,50): warning C4244:         with
C:\Users\37602\source\Arkanoid\Arkanoid v0.1\main.cpp(126,50): warning C4244:         [
C:\Users\37602\source\Arkanoid\Arkanoid v0.1\main.cpp(126,50): warning C4244:             _Tp=int
C:\Users\37602\source\Arkanoid\Arkanoid v0.1\main.cpp(126,50): warning C4244:         ]
C:\Users\37602\source\Arkanoid\Arkanoid v0.1\main.cpp(142,48): warning C4244: '=': conversion from 'double' to '_Tp', possible loss of data
C:\Users\37602\source\Arkanoid\Arkanoid v0.1\main.cpp(142,48): warning C4244:         with
C:\Users\37602\source\Arkanoid\Arkanoid v0.1\main.cpp(142,48): warning C4244:         [
C:\Users\37602\source\Arkanoid\Arkanoid v0.1\main.cpp(142,48): warning C4244:             _Tp=int
C:\Users\37602\source\Arkanoid\Arkanoid v0.1\main.cpp(142,48): warning C4244:         ]
C:\Users\37602\source\Arkanoid\Arkanoid v0.1\main.cpp(211): warning C4715: 'setupMask': not all control paths return a value
  Arkanoid v0.1.vcxproj -> C:\Users\37602\source\Arkanoid\Arkanoid v0.1\x64\Debug\Arkanoid v0.1.exe
